[
  {
    "level": "INFO",
    "message": "android.ndkVersion from module build.gradle is [not set]"
  },
  {
    "level": "INFO",
    "message": "android.ndkPath from module build.gradle is not set"
  },
  {
    "level": "INFO",
    "message": "ndk.dir in local.properties is not set"
  },
  {
    "level": "INFO",
    "message": "Not considering ANDROID_NDK_HOME because support was removed after deprecation period."
  },
  {
    "level": "INFO",
    "message": "sdkFolder is C:\\Users\\Duke\\AppData\\Local\\Android\\sdk"
  },
  {
    "level": "INFO",
    "message": "NDK side-by-side folder from sdkFolder C:\\Users\\Duke\\AppData\\Local\\Android\\sdk\\ndk does not exist"
  },
  {
    "level": "INFO",
    "message": "Because no explicit NDK was requested, the default version [21.1.6352462] for this Android Gradle Plugin will be used"
  },
  {
    "level": "INFO",
    "message": "Folder C:\\Users\\Duke\\AppData\\Local\\Android\\sdk\\ndk\\21.1.6352462 does not exist. Ignoring."
  },
  {
    "level": "INFO",
    "message": "Folder C:\\Users\\Duke\\AppData\\Local\\Android\\sdk\\ndk-bundle does not exist. Ignoring."
  },
  {
    "level": "INFO",
    "message": "No NDK was found. Trying to download it now."
  },
  {
    "level": "INFO",
    "message": "NDK 21.1.6352462 was downloaded to C:\\Users\\Duke\\AppData\\Local\\Android\\sdk\\ndk\\21.1.6352462. Using that."
  }
]